<?xml version="1.0" encoding="UTF-8"?>
<!-- Generated by org.testng.reporters.JUnitReportReporter -->
<testsuite hostname="DESKTOP-JI62TLU" failures="0" tests="1" name="test.TestNGDemo" time="2.476" errors="0" timestamp="10 Apr 2019 06:40:04 GMT" skipped="0">
  <testcase classname="test.TestNGDemo" name="googleSearchTest" time="2.476"/>
</testsuite> <!-- test.TestNGDemo -->
