<?xml version="1.0" encoding="UTF-8"?>
<!-- Generated by org.testng.reporters.JUnitReportReporter -->
<testsuite hostname="DESKTOP-JI62TLU" failures="0" tests="2" name="test.ExtentReportsDemoWithTestNG" time="3.057" errors="0" timestamp="12 Apr 2019 11:50:20 GMT" skipped="0">
  <testcase classname="test.ExtentReportsDemoWithTestNG" name="test2" time="0.003"/>
  <testcase classname="test.ExtentReportsDemoWithTestNG" name="test1" time="3.054"/>
</testsuite> <!-- test.ExtentReportsDemoWithTestNG -->
