<?xml version="1.0" encoding="UTF-8"?>
<!-- Generated by org.testng.reporters.JUnitReportReporter -->
<testsuite hostname="DESKTOP-JI62TLU" failures="0" tests="1" name="test.TestNGDemo" time="8.007" errors="0" timestamp="09 Apr 2019 19:29:26 GMT" skipped="0">
  <testcase classname="test.TestNGDemo" name="googleSearchTest" time="8.007"/>
</testsuite> <!-- test.TestNGDemo -->
