<?xml version="1.0" encoding="UTF-8"?>
<!-- Generated by org.testng.reporters.JUnitReportReporter -->
<testsuite hostname="DESKTOP-JI62TLU" failures="0" tests="2" name="test.ExtentReportsDemoWithTestNG" time="2.889" errors="0" timestamp="12 Apr 2019 07:14:53 GMT" skipped="0">
  <testcase classname="test.ExtentReportsDemoWithTestNG" name="test2" time="0.004"/>
  <testcase classname="test.ExtentReportsDemoWithTestNG" name="test1" time="2.885"/>
</testsuite> <!-- test.ExtentReportsDemoWithTestNG -->
